<?xml version="1.0" encoding="UTF-8"?>
<!-- Generated by org.testng.reporters.JUnitReportReporter -->
<testsuite hostname="DESKTOP-GDT649B" failures="0" tests="1" name="SumValidation" time="1.301" errors="0" timestamp="2021-05-10T23:36:36 EDT" skipped="0">
  <testcase classname="SumValidation" name="Amount" time="1.301"/>
  <system-out/>
</testsuite> <!-- SumValidation -->
